android/app/build/intermediates/manifest_merge_blame_file/release/manifest-merger-blame-release-report.txt
1<?xml version="1.0" encoding="utf-8"?>
2<manifest xmlns:android="http://schemas.android.com/apk/res/android"
3    package="com.havenud"
4    android:versionCode="2"
5    android:versionName="1.0.1" >
6
7    <uses-sdk
8        android:minSdkVersion="18"
8-->src/main/AndroidManifest.xml
9        android:targetSdkVersion="29" />
9-->src/main/AndroidManifest.xml
10
11    <uses-permission android:name="android.permission.INTERNET" />
11-->src/main/AndroidManifest.xml:4:5-67
11-->src/main/AndroidManifest.xml:4:22-64
12    <uses-permission android:name="android.permission.VIBRATE" />
12-->src/main/AndroidManifest.xml:5:5-66
12-->src/main/AndroidManifest.xml:5:22-63
13    <uses-permission android:name="android.permission.READ_EXTERNAL_STORAGE" />
13-->src/main/AndroidManifest.xml:6:5-80
13-->src/main/AndroidManifest.xml:6:22-77
14    <uses-permission android:name="android.permission.WRITE_EXTERNAL_STORAGE" />
14-->src/main/AndroidManifest.xml:7:5-81
14-->src/main/AndroidManifest.xml:7:22-78
15    <uses-permission android:name="android.permission.DOWNLOAD_WITHOUT_NOTIFICATION" />
15-->src/main/AndroidManifest.xml:8:5-88
15-->src/main/AndroidManifest.xml:8:22-85
16    <uses-permission android:name="android.permission.BLUETOOTH" />
16-->src/main/AndroidManifest.xml:9:5-67
16-->src/main/AndroidManifest.xml:9:22-65
17    <uses-permission android:name="android.permission.BLUETOOTH_ADMIN" />
17-->src/main/AndroidManifest.xml:10:5-73
17-->src/main/AndroidManifest.xml:10:22-71
18    <uses-permission android:name="android.permission.ACCESS_FINE_LOCATION" />
18-->src/main/AndroidManifest.xml:11:5-79
18-->src/main/AndroidManifest.xml:11:22-76
19    <uses-permission android:name="android.permission.ACCESS_COARSE_LOCATION" />
19-->[:react-native-ble-manager] AndroidManifest.xml:9:5-81
19-->[:react-native-ble-manager] AndroidManifest.xml:9:22-78
20
21    <uses-feature
21-->[:react-native-ble-manager] AndroidManifest.xml:11:5-13:36
22        android:name="android.hardware.bluetooth_le"
22-->[:react-native-ble-manager] AndroidManifest.xml:12:9-53
23        android:required="false" /> <!-- Required to access Google Play Licensing -->
23-->[:react-native-ble-manager] AndroidManifest.xml:13:9-33
24    <uses-permission android:name="com.android.vending.CHECK_LICENSE" />
24-->[:rn-fetch-blob] AndroidManifest.xml:12:5-73
24-->[:rn-fetch-blob] AndroidManifest.xml:12:22-70
25    <!--
26         Required to keep CPU alive while downloading files
27        (NOT to keep screen awake)
28    -->
29    <uses-permission android:name="android.permission.WAKE_LOCK" />
29-->[:rn-fetch-blob] AndroidManifest.xml:21:5-68
29-->[:rn-fetch-blob] AndroidManifest.xml:21:22-65
30    <!--
31         Required to poll the state of the network connection
32        and respond to changes
33    -->
34    <uses-permission android:name="android.permission.ACCESS_NETWORK_STATE" /> <!-- Required to check whether Wi-Fi is enabled -->
34-->[:rn-fetch-blob] AndroidManifest.xml:27:5-79
34-->[:rn-fetch-blob] AndroidManifest.xml:27:22-76
35    <uses-permission android:name="android.permission.ACCESS_WIFI_STATE" />
35-->[:rn-fetch-blob] AndroidManifest.xml:30:5-76
35-->[:rn-fetch-blob] AndroidManifest.xml:30:22-73
36
37    <uses-permission-sdk-23 android:name="android.permission.ACCESS_COARSE_LOCATION" />
37-->[com.github.Polidea:MultiPlatformBleAdapter:d2279e0621b285f2d16382af668ae3981abf0639] AndroidManifest.xml:14:5-88
37-->[com.github.Polidea:MultiPlatformBleAdapter:d2279e0621b285f2d16382af668ae3981abf0639] AndroidManifest.xml:14:29-85
38    <uses-permission-sdk-23 android:name="android.permission.ACCESS_FINE_LOCATION" />
38-->[com.polidea.rxandroidble:rxandroidble:1.7.1] AndroidManifest.xml:15:5-86
38-->[com.polidea.rxandroidble:rxandroidble:1.7.1] AndroidManifest.xml:15:29-83
39
40    <application
40-->src/main/AndroidManifest.xml:13:5-36:19
41        android:name="com.havenud.MainApplication"
41-->src/main/AndroidManifest.xml:15:7-38
42        android:allowBackup="false"
42-->src/main/AndroidManifest.xml:19:7-34
43        android:appComponentFactory="androidx.core.app.CoreComponentFactory"
43-->[androidx.core:core:1.1.0] AndroidManifest.xml:24:18-86
44        android:icon="@mipmap/ic_launcher"
44-->src/main/AndroidManifest.xml:17:7-41
45        android:label="@string/app_name"
45-->src/main/AndroidManifest.xml:16:7-39
46        android:largeHeap="true"
46-->src/main/AndroidManifest.xml:20:7-31
47        android:roundIcon="@mipmap/ic_launcher"
47-->src/main/AndroidManifest.xml:18:7-46
48        android:theme="@style/AppTheme"
48-->src/main/AndroidManifest.xml:21:7-38
49        android:usesCleartextTraffic="true" >
49-->src/main/AndroidManifest.xml:14:7-42
50        <activity
50-->src/main/AndroidManifest.xml:22:7-34:18
51            android:name="com.havenud.MainActivity"
51-->src/main/AndroidManifest.xml:23:9-37
52            android:configChanges="keyboard|keyboardHidden|orientation|screenSize|uiMode"
52-->src/main/AndroidManifest.xml:25:9-86
53            android:label="@string/app_name"
53-->src/main/AndroidManifest.xml:24:9-41
54            android:launchMode="singleTask"
54-->src/main/AndroidManifest.xml:26:9-40
55            android:screenOrientation="portrait"
55-->src/main/AndroidManifest.xml:27:9-45
56            android:windowSoftInputMode="adjustResize" >
56-->src/main/AndroidManifest.xml:28:9-51
57            <intent-filter>
57-->src/main/AndroidManifest.xml:29:9-33:25
58                <action android:name="android.intent.action.MAIN" />
58-->src/main/AndroidManifest.xml:30:13-65
58-->src/main/AndroidManifest.xml:30:21-62
59
60                <category android:name="android.intent.category.LAUNCHER" />
60-->src/main/AndroidManifest.xml:31:13-73
60-->src/main/AndroidManifest.xml:31:23-70
61
62                <action android:name="android.intent.action.DOWNLOAD_COMPLETE" />
62-->src/main/AndroidManifest.xml:32:15-79
62-->src/main/AndroidManifest.xml:32:23-77
63            </intent-filter>
64        </activity>
65        <activity android:name="com.facebook.react.devsupport.DevSettingsActivity" />
65-->src/main/AndroidManifest.xml:35:7-84
65-->src/main/AndroidManifest.xml:35:17-81
66
67        <provider
67-->[:react-native-webview] AndroidManifest.xml:12:9-20:20
68            android:name="com.reactnativecommunity.webview.RNCWebViewFileProvider"
68-->[:react-native-webview] AndroidManifest.xml:13:13-83
69            android:authorities="com.havenud.fileprovider"
69-->[:react-native-webview] AndroidManifest.xml:14:13-64
70            android:exported="false"
70-->[:react-native-webview] AndroidManifest.xml:15:13-37
71            android:grantUriPermissions="true" >
71-->[:react-native-webview] AndroidManifest.xml:16:13-47
72            <meta-data
72-->[:react-native-webview] AndroidManifest.xml:17:13-19:63
73                android:name="android.support.FILE_PROVIDER_PATHS"
73-->[:react-native-webview] AndroidManifest.xml:18:17-67
74                android:resource="@xml/file_provider_paths" />
74-->[:react-native-webview] AndroidManifest.xml:19:17-60
75        </provider>
76        <provider
76-->[:rn-fetch-blob] AndroidManifest.xml:36:9-44:20
77            android:name="com.RNFetchBlob.Utils.FileProvider"
77-->[:rn-fetch-blob] AndroidManifest.xml:37:13-62
78            android:authorities="com.havenud.provider"
78-->[:rn-fetch-blob] AndroidManifest.xml:38:13-60
79            android:exported="false"
79-->[:rn-fetch-blob] AndroidManifest.xml:39:13-37
80            android:grantUriPermissions="true" >
80-->[:rn-fetch-blob] AndroidManifest.xml:40:13-47
81            <meta-data
81-->[:react-native-webview] AndroidManifest.xml:17:13-19:63
82                android:name="android.support.FILE_PROVIDER_PATHS"
82-->[:react-native-webview] AndroidManifest.xml:18:17-67
83                android:resource="@xml/provider_paths" />
83-->[:react-native-webview] AndroidManifest.xml:19:17-60
84        </provider>
85    </application>
86
87</manifest>